-------------------------------- Running Tests --------------------------------
[31mX[39m neotest.scala.basic.HelloTests.test1 [2m7ms[0m
  [91m[4mjava.lang.Exception[39m[24m: [91mtest1[39m
    [31mneotest.scala.basic.HelloTests$.[91m$anonfun$tests$2[31m([91mTestSuite.scala[39m:[91m8[31m)[39m
[32m+[39m neotest.scala.basic.HelloTests.test2 [2m0ms[0m  [34m1[39m
[31mX[39m neotest.scala.basic.HelloTests.test3 [2m1ms[0m
  [91m[4mjava.lang.IndexOutOfBoundsException[39m[24m: [91m10[39m
    [31mscala.collection.LinearSeqOps.[91mapply[31m([91mLinearSeq.scala[39m:[91m131[31m)[39m
    [31mscala.collection.LinearSeqOps.[91mapply$[31m([91mLinearSeq.scala[39m:[91m128[31m)[39m
    [31mscala.collection.immutable.List.[91mapply[31m([91mList.scala[39m:[91m79[31m)[39m
    [31mneotest.scala.basic.HelloTests$.[91m$anonfun$tests$4[31m([91mTestSuite.scala[39m:[91m15[31m)[39m
Execution took 8ms
3 tests, 1 passed, 2 failed

The test execution was successfully closed.
===============================================
Total duration: 8ms
1 failed

Failed:
- neotest.scala.basic.HelloTests:
  * test1 - test1
  * test3 - java.lang.IndexOutOfBoundsException: 10
===============================================
